<?xml version="1.0" encoding="UTF-8"?>
<coverage generated="1614425980741" clover="3.2.0">
  <project timestamp="1614425980741" name="All files">
    <metrics statements="34" coveredstatements="33" conditionals="14" coveredconditionals="14" methods="23" coveredmethods="22" elements="71" coveredelements="69" complexity="0" loc="34" ncloc="34" packages="2" files="13" classes="13"/>
    <package name="src">
      <metrics statements="1" coveredstatements="1" conditionals="0" coveredconditionals="0" methods="0" coveredmethods="0"/>
      <file name="api.ts" path="/arh/inno/js/retake/swapi/src/api.ts">
        <metrics statements="1" coveredstatements="1" conditionals="0" coveredconditionals="0" methods="0" coveredmethods="0"/>
        <line num="1" count="1" type="stmt"/>
      </file>
    </package>
    <package name="src.components">
      <metrics statements="33" coveredstatements="32" conditionals="14" coveredconditionals="14" methods="23" coveredmethods="22"/>
      <file name="data.tsx" path="/arh/inno/js/retake/swapi/src/components/data.tsx">
        <metrics statements="2" coveredstatements="2" conditionals="0" coveredconditionals="0" methods="2" coveredmethods="2"/>
        <line num="5" count="2" type="stmt"/>
        <line num="7" count="9" type="stmt"/>
      </file>
      <file name="films.tsx" path="/arh/inno/js/retake/swapi/src/components/films.tsx">
        <metrics statements="1" coveredstatements="1" conditionals="0" coveredconditionals="0" methods="1" coveredmethods="1"/>
        <line num="6" count="1" type="stmt"/>
      </file>
      <file name="goto.tsx" path="/arh/inno/js/retake/swapi/src/components/goto.tsx">
        <metrics statements="2" coveredstatements="1" conditionals="0" coveredconditionals="0" methods="2" coveredmethods="1"/>
        <line num="5" count="91" type="stmt"/>
        <line num="6" count="0" type="stmt"/>
      </file>
      <file name="header.tsx" path="/arh/inno/js/retake/swapi/src/components/header.tsx">
        <metrics statements="6" coveredstatements="6" conditionals="2" coveredconditionals="2" methods="3" coveredmethods="3"/>
        <line num="7" count="9" type="stmt"/>
        <line num="8" count="9" type="stmt"/>
        <line num="12" count="9" type="stmt"/>
        <line num="13" count="9" type="stmt"/>
        <line num="17" count="9" type="stmt"/>
        <line num="18" count="9" type="stmt"/>
      </file>
      <file name="links.tsx" path="/arh/inno/js/retake/swapi/src/components/links.tsx">
        <metrics statements="9" coveredstatements="9" conditionals="8" coveredconditionals="8" methods="5" coveredmethods="5"/>
        <line num="9" count="56" type="stmt"/>
        <line num="10" count="56" type="stmt"/>
        <line num="14" count="113" type="stmt"/>
        <line num="15" count="113" type="cond" truecount="2" falsecount="0"/>
        <line num="16" count="112" type="cond" truecount="2" falsecount="0"/>
        <line num="18" count="1" type="stmt"/>
        <line num="22" count="5" type="stmt"/>
        <line num="25" count="13" type="stmt"/>
        <line num="31" count="57" type="cond" truecount="2" falsecount="0"/>
      </file>
      <file name="main.tsx" path="/arh/inno/js/retake/swapi/src/components/main.tsx">
        <metrics statements="1" coveredstatements="1" conditionals="0" coveredconditionals="0" methods="1" coveredmethods="1"/>
        <line num="6" count="1" type="stmt"/>
      </file>
      <file name="page.tsx" path="/arh/inno/js/retake/swapi/src/components/page.tsx">
        <metrics statements="7" coveredstatements="7" conditionals="4" coveredconditionals="4" methods="4" coveredmethods="4"/>
        <line num="10" count="8" type="stmt"/>
        <line num="11" count="8" type="stmt"/>
        <line num="15" count="8" type="stmt"/>
        <line num="16" count="8" type="stmt"/>
        <line num="17" count="8" type="stmt"/>
        <line num="24" count="5" type="stmt"/>
        <line num="27" count="5" type="stmt"/>
      </file>
      <file name="people.tsx" path="/arh/inno/js/retake/swapi/src/components/people.tsx">
        <metrics statements="1" coveredstatements="1" conditionals="0" coveredconditionals="0" methods="1" coveredmethods="1"/>
        <line num="6" count="1" type="stmt"/>
      </file>
      <file name="planets.tsx" path="/arh/inno/js/retake/swapi/src/components/planets.tsx">
        <metrics statements="1" coveredstatements="1" conditionals="0" coveredconditionals="0" methods="1" coveredmethods="1"/>
        <line num="6" count="1" type="stmt"/>
      </file>
      <file name="species.tsx" path="/arh/inno/js/retake/swapi/src/components/species.tsx">
        <metrics statements="1" coveredstatements="1" conditionals="0" coveredconditionals="0" methods="1" coveredmethods="1"/>
        <line num="6" count="1" type="stmt"/>
      </file>
      <file name="starships.tsx" path="/arh/inno/js/retake/swapi/src/components/starships.tsx">
        <metrics statements="1" coveredstatements="1" conditionals="0" coveredconditionals="0" methods="1" coveredmethods="1"/>
        <line num="6" count="1" type="stmt"/>
      </file>
      <file name="vehicles.tsx" path="/arh/inno/js/retake/swapi/src/components/vehicles.tsx">
        <metrics statements="1" coveredstatements="1" conditionals="0" coveredconditionals="0" methods="1" coveredmethods="1"/>
        <line num="6" count="1" type="stmt"/>
      </file>
    </package>
  </project>
</coverage>
