<?xml version="1.0" encoding="UTF-8"?>
<coverage generated="1614285440781" clover="3.2.0">
  <project timestamp="1614285440781" name="All files">
    <metrics statements="20" coveredstatements="18" conditionals="10" coveredconditionals="7" methods="12" coveredmethods="11" elements="42" coveredelements="36" complexity="0" loc="20" ncloc="20" packages="2" files="5" classes="5"/>
    <package name="src">
      <metrics statements="1" coveredstatements="1" conditionals="0" coveredconditionals="0" methods="0" coveredmethods="0"/>
      <file name="api.ts" path="/arh/inno/js/retake/swapi/src/api.ts">
        <metrics statements="1" coveredstatements="1" conditionals="0" coveredconditionals="0" methods="0" coveredmethods="0"/>
        <line num="1" count="1" type="stmt"/>
      </file>
    </package>
    <package name="src.components">
      <metrics statements="19" coveredstatements="17" conditionals="10" coveredconditionals="7" methods="12" coveredmethods="11"/>
      <file name="data.tsx" path="/arh/inno/js/retake/swapi/src/components/data.tsx">
        <metrics statements="2" coveredstatements="2" conditionals="0" coveredconditionals="0" methods="2" coveredmethods="2"/>
        <line num="5" count="1" type="stmt"/>
        <line num="7" count="4" type="stmt"/>
      </file>
      <file name="goto.tsx" path="/arh/inno/js/retake/swapi/src/components/goto.tsx">
        <metrics statements="2" coveredstatements="1" conditionals="0" coveredconditionals="0" methods="2" coveredmethods="1"/>
        <line num="5" count="13" type="stmt"/>
        <line num="6" count="0" type="stmt"/>
      </file>
      <file name="header.tsx" path="/arh/inno/js/retake/swapi/src/components/header.tsx">
        <metrics statements="6" coveredstatements="6" conditionals="2" coveredconditionals="2" methods="3" coveredmethods="3"/>
        <line num="7" count="1" type="stmt"/>
        <line num="8" count="1" type="stmt"/>
        <line num="12" count="1" type="stmt"/>
        <line num="13" count="1" type="stmt"/>
        <line num="17" count="1" type="stmt"/>
        <line num="18" count="1" type="stmt"/>
      </file>
      <file name="links.tsx" path="/arh/inno/js/retake/swapi/src/components/links.tsx">
        <metrics statements="9" coveredstatements="8" conditionals="8" coveredconditionals="5" methods="5" coveredmethods="5"/>
        <line num="9" count="9" type="stmt"/>
        <line num="10" count="9" type="stmt"/>
        <line num="14" count="18" type="stmt"/>
        <line num="15" count="18" type="cond" truecount="1" falsecount="1"/>
        <line num="16" count="18" type="cond" truecount="2" falsecount="0"/>
        <line num="18" count="0" type="stmt"/>
        <line num="22" count="1" type="stmt"/>
        <line num="25" count="3" type="stmt"/>
        <line num="31" count="9" type="cond" truecount="1" falsecount="1"/>
      </file>
    </package>
  </project>
</coverage>
