{"/arh/inno/js/retake/swapi/src/api.ts": {"path":"/arh/inno/js/retake/swapi/src/api.ts","statementMap":{"0":{"start":{"line":1,"column":12},"end":{"line":5184,"column":1}}},"fnMap":{},"branchMap":{},"s":{"0":1},"f":{},"b":{},"_coverageSchema":"1a1c01bbd47fc00a2c39e90264f33305004495a9","hash":"eda4b95a1f7b4aedbb5c2bf7f2110605f00eceab"}
,"/arh/inno/js/retake/swapi/src/components/data.tsx": {"path":"/arh/inno/js/retake/swapi/src/components/data.tsx","statementMap":{"0":{"start":{"line":5,"column":8},"end":{"line":9,"column":7}},"1":{"start":{"line":7,"column":46},"end":{"line":7,"column":82}}},"fnMap":{"0":{"name":"(anonymous_0)","decl":{"start":{"line":4,"column":4},"end":{"line":4,"column":5}},"loc":{"start":{"line":4,"column":13},"end":{"line":10,"column":5}},"line":4},"1":{"name":"(anonymous_1)","decl":{"start":{"line":7,"column":38},"end":{"line":7,"column":39}},"loc":{"start":{"line":7,"column":45},"end":{"line":7,"column":83}},"line":7}},"branchMap":{},"s":{"0":1,"1":4},"f":{"0":1,"1":4},"b":{},"_coverageSchema":"1a1c01bbd47fc00a2c39e90264f33305004495a9","hash":"cfceae9221525c186bef246a101ff0971ce19581"}
,"/arh/inno/js/retake/swapi/src/components/goto.tsx": {"path":"/arh/inno/js/retake/swapi/src/components/goto.tsx","statementMap":{"0":{"start":{"line":5,"column":6},"end":{"line":9,"column":7}},"1":{"start":{"line":6,"column":31},"end":{"line":6,"column":71}}},"fnMap":{"0":{"name":"(anonymous_0)","decl":{"start":{"line":4,"column":4},"end":{"line":4,"column":5}},"loc":{"start":{"line":4,"column":13},"end":{"line":11,"column":5}},"line":4},"1":{"name":"(anonymous_1)","decl":{"start":{"line":6,"column":25},"end":{"line":6,"column":26}},"loc":{"start":{"line":6,"column":31},"end":{"line":6,"column":71}},"line":6}},"branchMap":{},"s":{"0":13,"1":0},"f":{"0":13,"1":0},"b":{},"_coverageSchema":"1a1c01bbd47fc00a2c39e90264f33305004495a9","hash":"1eab0340c828e1765b05449182d8f1cfc6da2517"}
,"/arh/inno/js/retake/swapi/src/components/header.tsx": {"path":"/arh/inno/js/retake/swapi/src/components/header.tsx","statementMap":{"0":{"start":{"line":7,"column":16},"end":{"line":7,"column":33}},"1":{"start":{"line":8,"column":8},"end":{"line":8,"column":69}},"2":{"start":{"line":12,"column":16},"end":{"line":12,"column":33}},"3":{"start":{"line":13,"column":8},"end":{"line":13,"column":69}},"4":{"start":{"line":17,"column":23},"end":{"line":17,"column":52}},"5":{"start":{"line":18,"column":8},"end":{"line":29,"column":7}}},"fnMap":{"0":{"name":"(anonymous_0)","decl":{"start":{"line":6,"column":4},"end":{"line":6,"column":5}},"loc":{"start":{"line":6,"column":11},"end":{"line":9,"column":5}},"line":6},"1":{"name":"(anonymous_1)","decl":{"start":{"line":11,"column":4},"end":{"line":11,"column":5}},"loc":{"start":{"line":11,"column":11},"end":{"line":14,"column":5}},"line":11},"2":{"name":"(anonymous_2)","decl":{"start":{"line":16,"column":4},"end":{"line":16,"column":5}},"loc":{"start":{"line":16,"column":13},"end":{"line":30,"column":5}},"line":16}},"branchMap":{"0":{"loc":{"start":{"line":21,"column":20},"end":{"line":26,"column":26}},"type":"binary-expr","locations":[{"start":{"line":21,"column":20},"end":{"line":21,"column":35}},{"start":{"line":22,"column":20},"end":{"line":26,"column":26}}],"line":21}},"s":{"0":1,"1":1,"2":1,"3":1,"4":1,"5":1},"f":{"0":1,"1":1,"2":1},"b":{"0":[1,1]},"_coverageSchema":"1a1c01bbd47fc00a2c39e90264f33305004495a9","hash":"b177c6b96eee777dd6a4c3a99b309cc2bcf12759"}
,"/arh/inno/js/retake/swapi/src/components/links.tsx": {"path":"/arh/inno/js/retake/swapi/src/components/links.tsx","statementMap":{"0":{"start":{"line":9,"column":18},"end":{"line":9,"column":42}},"1":{"start":{"line":10,"column":8},"end":{"line":10,"column":39}},"2":{"start":{"line":14,"column":18},"end":{"line":14,"column":42}},"3":{"start":{"line":15,"column":8},"end":{"line":17,"column":9}},"4":{"start":{"line":16,"column":12},"end":{"line":16,"column":72}},"5":{"start":{"line":18,"column":8},"end":{"line":18,"column":19}},"6":{"start":{"line":22,"column":8},"end":{"line":47,"column":7}},"7":{"start":{"line":25,"column":21},"end":{"line":44,"column":21}},"8":{"start":{"line":31,"column":36},"end":{"line":40,"column":47}}},"fnMap":{"0":{"name":"(anonymous_0)","decl":{"start":{"line":8,"column":4},"end":{"line":8,"column":5}},"loc":{"start":{"line":8,"column":21},"end":{"line":11,"column":5}},"line":8},"1":{"name":"(anonymous_1)","decl":{"start":{"line":13,"column":4},"end":{"line":13,"column":5}},"loc":{"start":{"line":13,"column":17},"end":{"line":19,"column":5}},"line":13},"2":{"name":"(anonymous_2)","decl":{"start":{"line":21,"column":4},"end":{"line":21,"column":5}},"loc":{"start":{"line":21,"column":13},"end":{"line":48,"column":5}},"line":21},"3":{"name":"(anonymous_3)","decl":{"start":{"line":24,"column":39},"end":{"line":24,"column":40}},"loc":{"start":{"line":25,"column":20},"end":{"line":44,"column":22}},"line":25},"4":{"name":"(anonymous_4)","decl":{"start":{"line":30,"column":43},"end":{"line":30,"column":44}},"loc":{"start":{"line":30,"column":53},"end":{"line":41,"column":33}},"line":30}},"branchMap":{"0":{"loc":{"start":{"line":15,"column":8},"end":{"line":17,"column":9}},"type":"if","locations":[{"start":{"line":15,"column":8},"end":{"line":17,"column":9}},{"start":{"line":15,"column":8},"end":{"line":17,"column":9}}],"line":15},"1":{"loc":{"start":{"line":16,"column":35},"end":{"line":16,"column":71}},"type":"cond-expr","locations":[{"start":{"line":16,"column":55},"end":{"line":16,"column":62}},{"start":{"line":16,"column":65},"end":{"line":16,"column":71}}],"line":16},"2":{"loc":{"start":{"line":29,"column":32},"end":{"line":41,"column":34}},"type":"cond-expr","locations":[{"start":{"line":29,"column":50},"end":{"line":29,"column":56}},{"start":{"line":30,"column":34},"end":{"line":41,"column":34}}],"line":29},"3":{"loc":{"start":{"line":31,"column":43},"end":{"line":40,"column":47}},"type":"cond-expr","locations":[{"start":{"line":33,"column":44},"end":{"line":38,"column":46}},{"start":{"line":40,"column":43},"end":{"line":40,"column":47}}],"line":31}},"s":{"0":9,"1":9,"2":18,"3":18,"4":18,"5":0,"6":1,"7":3,"8":9},"f":{"0":9,"1":18,"2":1,"3":3,"4":9},"b":{"0":[18,0],"1":[6,12],"2":[0,3],"3":[9,0]},"_coverageSchema":"1a1c01bbd47fc00a2c39e90264f33305004495a9","hash":"68052128c2f7b78d21d27df44562d6db8dcd0bbd"}
}
