TN:
SF:src/api.ts
FNF:0
FNH:0
DA:1,1
LF:1
LH:1
BRF:0
BRH:0
end_of_record
TN:
SF:src/components/data.tsx
FN:4,(anonymous_0)
FN:7,(anonymous_1)
FNF:2
FNH:2
FNDA:2,(anonymous_0)
FNDA:9,(anonymous_1)
DA:5,2
DA:7,9
LF:2
LH:2
BRF:0
BRH:0
end_of_record
TN:
SF:src/components/films.tsx
FN:5,(anonymous_0)
FNF:1
FNH:1
FNDA:1,(anonymous_0)
DA:6,1
LF:1
LH:1
BRF:0
BRH:0
end_of_record
TN:
SF:src/components/goto.tsx
FN:4,(anonymous_0)
FN:6,(anonymous_1)
FNF:2
FNH:1
FNDA:91,(anonymous_0)
FNDA:0,(anonymous_1)
DA:5,91
DA:6,0
LF:2
LH:1
BRF:0
BRH:0
end_of_record
TN:
SF:src/components/header.tsx
FN:6,(anonymous_0)
FN:11,(anonymous_1)
FN:16,(anonymous_2)
FNF:3
FNH:3
FNDA:9,(anonymous_0)
FNDA:9,(anonymous_1)
FNDA:9,(anonymous_2)
DA:7,9
DA:8,9
DA:12,9
DA:13,9
DA:17,9
DA:18,9
LF:6
LH:6
BRDA:21,0,0,9
BRDA:21,0,1,9
BRF:2
BRH:2
end_of_record
TN:
SF:src/components/links.tsx
FN:8,(anonymous_0)
FN:13,(anonymous_1)
FN:21,(anonymous_2)
FN:24,(anonymous_3)
FN:30,(anonymous_4)
FNF:5
FNH:5
FNDA:56,(anonymous_0)
FNDA:113,(anonymous_1)
FNDA:5,(anonymous_2)
FNDA:13,(anonymous_3)
FNDA:57,(anonymous_4)
DA:9,56
DA:10,56
DA:14,113
DA:15,113
DA:16,112
DA:18,1
DA:22,5
DA:25,13
DA:31,57
LF:9
LH:9
BRDA:15,0,0,112
BRDA:15,0,1,1
BRDA:16,1,0,12
BRDA:16,1,1,100
BRDA:29,2,0,1
BRDA:29,2,1,12
BRDA:31,3,0,56
BRDA:31,3,1,1
BRF:8
BRH:8
end_of_record
TN:
SF:src/components/main.tsx
FN:5,(anonymous_0)
FNF:1
FNH:1
FNDA:1,(anonymous_0)
DA:6,1
LF:1
LH:1
BRF:0
BRH:0
end_of_record
TN:
SF:src/components/page.tsx
FN:9,(anonymous_0)
FN:14,(anonymous_1)
FN:24,(anonymous_2)
FN:27,(anonymous_3)
FNF:4
FNH:4
FNDA:8,(anonymous_0)
FNDA:8,(anonymous_1)
FNDA:5,(anonymous_2)
FNDA:5,(anonymous_3)
DA:10,8
DA:11,8
DA:15,8
DA:16,8
DA:17,8
DA:24,5
DA:27,5
LF:7
LH:7
BRDA:21,0,0,8
BRDA:21,0,1,2
BRDA:21,0,2,1
BRDA:21,0,3,1
BRF:4
BRH:4
end_of_record
TN:
SF:src/components/people.tsx
FN:5,(anonymous_0)
FNF:1
FNH:1
FNDA:1,(anonymous_0)
DA:6,1
LF:1
LH:1
BRF:0
BRH:0
end_of_record
TN:
SF:src/components/planets.tsx
FN:5,(anonymous_0)
FNF:1
FNH:1
FNDA:1,(anonymous_0)
DA:6,1
LF:1
LH:1
BRF:0
BRH:0
end_of_record
TN:
SF:src/components/species.tsx
FN:5,(anonymous_0)
FNF:1
FNH:1
FNDA:1,(anonymous_0)
DA:6,1
LF:1
LH:1
BRF:0
BRH:0
end_of_record
TN:
SF:src/components/starships.tsx
FN:5,(anonymous_0)
FNF:1
FNH:1
FNDA:1,(anonymous_0)
DA:6,1
LF:1
LH:1
BRF:0
BRH:0
end_of_record
TN:
SF:src/components/vehicles.tsx
FN:5,(anonymous_0)
FNF:1
FNH:1
FNDA:1,(anonymous_0)
DA:6,1
LF:1
LH:1
BRF:0
BRH:0
end_of_record
